\BOOKMARK [0][-]{chapter.1}{\376\377\0001\000\040\000\315\000n\000d\000i\000c\000e\000\040\000d\000e\000\040\000c\000l\000a\000s\000e\000s}{}% 1
\BOOKMARK [1][-]{section.1.1}{\376\377\0001\000.\0001\000\040\000L\000i\000s\000t\000a\000\040\000d\000e\000\040\000c\000l\000a\000s\000e\000s}{chapter.1}% 2
\BOOKMARK [0][-]{chapter.2}{\376\377\0002\000\040\000I\000n\000d\000i\000c\000e\000\040\000d\000e\000\040\000a\000r\000c\000h\000i\000v\000o\000s}{}% 3
\BOOKMARK [1][-]{section.2.1}{\376\377\0002\000.\0001\000\040\000L\000i\000s\000t\000a\000\040\000d\000e\000\040\000a\000r\000c\000h\000i\000v\000o\000s}{chapter.2}% 4
\BOOKMARK [0][-]{chapter.3}{\376\377\0003\000\040\000D\000o\000c\000u\000m\000e\000n\000t\000a\000c\000i\000\363\000n\000\040\000d\000e\000\040\000l\000a\000s\000\040\000c\000l\000a\000s\000e\000s}{}% 5
\BOOKMARK [1][-]{section.3.1}{\376\377\0003\000.\0001\000\040\000R\000e\000f\000e\000r\000e\000n\000c\000i\000a\000\040\000d\000e\000\040\000l\000a\000\040\000U\000n\000i\000\363\000n\000\040\000s\000e\000m\000u\000n}{chapter.3}% 6
\BOOKMARK [0][-]{chapter.4}{\376\377\0004\000\040\000D\000o\000c\000u\000m\000e\000n\000t\000a\000c\000i\000\363\000n\000\040\000d\000e\000\040\000a\000r\000c\000h\000i\000v\000o\000s}{}% 7
\BOOKMARK [1][-]{section.4.1}{\376\377\0004\000.\0001\000\040\000R\000e\000f\000e\000r\000e\000n\000c\000i\000a\000\040\000d\000e\000l\000\040\000A\000r\000c\000h\000i\000v\000o\000\040\000a\000l\000e\000a\000t\000\137\000n\000u\000m\000.\000h}{chapter.4}% 8
\BOOKMARK [2][-]{subsection.4.1.1}{\376\377\0004\000.\0001\000.\0001\000\040\000D\000e\000s\000c\000r\000i\000p\000c\000i\000\363\000n\000\040\000d\000e\000t\000a\000l\000l\000a\000d\000a}{section.4.1}% 9
\BOOKMARK [2][-]{subsection.4.1.2}{\376\377\0004\000.\0001\000.\0002\000\040\000D\000o\000c\000u\000m\000e\000n\000t\000a\000c\000i\000\363\000n\000\040\000d\000e\000\040\000l\000a\000s\000\040\000f\000u\000n\000c\000i\000o\000n\000e\000s}{section.4.1}% 10
\BOOKMARK [3][-]{subsubsection.4.1.2.1}{\376\377\0004\000.\0001\000.\0002\000.\0001\000\040\000a\000l\000e\000a\000t\000\137\000n\000u\000m\000\050\000\051}{subsection.4.1.2}% 11
\BOOKMARK [1][-]{section.4.2}{\376\377\0004\000.\0002\000\040\000R\000e\000f\000e\000r\000e\000n\000c\000i\000a\000\040\000d\000e\000l\000\040\000A\000r\000c\000h\000i\000v\000o\000\040\000e\000j\000e\000r\000c\000i\000c\000i\000o\0002\000.\000c}{chapter.4}% 12
\BOOKMARK [2][-]{subsection.4.2.1}{\376\377\0004\000.\0002\000.\0001\000\040\000D\000e\000s\000c\000r\000i\000p\000c\000i\000\363\000n\000\040\000d\000e\000t\000a\000l\000l\000a\000d\000a}{section.4.2}% 13
\BOOKMARK [2][-]{subsection.4.2.2}{\376\377\0004\000.\0002\000.\0002\000\040\000D\000o\000c\000u\000m\000e\000n\000t\000a\000c\000i\000\363\000n\000\040\000d\000e\000\040\000l\000o\000s\000\040\000\047\000d\000e\000f\000i\000n\000e\000s\000\047}{section.4.2}% 14
\BOOKMARK [3][-]{subsubsection.4.2.2.1}{\376\377\0004\000.\0002\000.\0002\000.\0001\000\040\000N\000U\000M\000\137\000H\000I\000J\000O\000S}{subsection.4.2.2}% 15
\BOOKMARK [3][-]{subsubsection.4.2.2.2}{\376\377\0004\000.\0002\000.\0002\000.\0002\000\040\000S\000E\000G\000U\000N\000D\000O\000S}{subsection.4.2.2}% 16
\BOOKMARK [2][-]{subsection.4.2.3}{\376\377\0004\000.\0002\000.\0003\000\040\000D\000o\000c\000u\000m\000e\000n\000t\000a\000c\000i\000\363\000n\000\040\000d\000e\000\040\000l\000a\000s\000\040\000f\000u\000n\000c\000i\000o\000n\000e\000s}{section.4.2}% 17
\BOOKMARK [3][-]{subsubsection.4.2.3.1}{\376\377\0004\000.\0002\000.\0003\000.\0001\000\040\000m\000a\000i\000n\000\050\000\051}{subsection.4.2.3}% 18
\BOOKMARK [1][-]{section.4.3}{\376\377\0004\000.\0003\000\040\000R\000e\000f\000e\000r\000e\000n\000c\000i\000a\000\040\000d\000e\000l\000\040\000A\000r\000c\000h\000i\000v\000o\000\040\000e\000j\000e\000r\000c\000i\000c\000i\000o\0004\000.\000c}{chapter.4}% 19
\BOOKMARK [2][-]{subsection.4.3.1}{\376\377\0004\000.\0003\000.\0001\000\040\000D\000e\000s\000c\000r\000i\000p\000c\000i\000\363\000n\000\040\000d\000e\000t\000a\000l\000l\000a\000d\000a}{section.4.3}% 20
\BOOKMARK [2][-]{subsection.4.3.2}{\376\377\0004\000.\0003\000.\0002\000\040\000D\000o\000c\000u\000m\000e\000n\000t\000a\000c\000i\000\363\000n\000\040\000d\000e\000\040\000l\000o\000s\000\040\000\047\000d\000e\000f\000i\000n\000e\000s\000\047}{section.4.3}% 21
\BOOKMARK [3][-]{subsubsection.4.3.2.1}{\376\377\0004\000.\0003\000.\0002\000.\0001\000\040\000S\000E\000G\000U\000N\000D\000O\000S}{subsection.4.3.2}% 22
\BOOKMARK [2][-]{subsection.4.3.3}{\376\377\0004\000.\0003\000.\0003\000\040\000D\000o\000c\000u\000m\000e\000n\000t\000a\000c\000i\000\363\000n\000\040\000d\000e\000\040\000l\000a\000s\000\040\000f\000u\000n\000c\000i\000o\000n\000e\000s}{section.4.3}% 23
\BOOKMARK [3][-]{subsubsection.4.3.3.1}{\376\377\0004\000.\0003\000.\0003\000.\0001\000\040\000m\000a\000i\000n\000\050\000\051}{subsection.4.3.3}% 24
\BOOKMARK [3][-]{subsubsection.4.3.3.2}{\376\377\0004\000.\0003\000.\0003\000.\0002\000\040\000m\000a\000n\000e\000j\000a\000d\000o\000r\000\050\000\051}{subsection.4.3.3}% 25
\BOOKMARK [1][-]{section.4.4}{\376\377\0004\000.\0004\000\040\000R\000e\000f\000e\000r\000e\000n\000c\000i\000a\000\040\000d\000e\000l\000\040\000A\000r\000c\000h\000i\000v\000o\000\040\000e\000j\000e\000r\000c\000i\000c\000i\000o\0006\000a\000.\000c}{chapter.4}% 26
\BOOKMARK [2][-]{subsection.4.4.1}{\376\377\0004\000.\0004\000.\0001\000\040\000D\000e\000s\000c\000r\000i\000p\000c\000i\000\363\000n\000\040\000d\000e\000t\000a\000l\000l\000a\000d\000a}{section.4.4}% 27
\BOOKMARK [2][-]{subsection.4.4.2}{\376\377\0004\000.\0004\000.\0002\000\040\000D\000o\000c\000u\000m\000e\000n\000t\000a\000c\000i\000\363\000n\000\040\000d\000e\000\040\000l\000o\000s\000\040\000\047\000d\000e\000f\000i\000n\000e\000s\000\047}{section.4.4}% 28
\BOOKMARK [3][-]{subsubsection.4.4.2.1}{\376\377\0004\000.\0004\000.\0002\000.\0001\000\040\000N\000U\000M\000\137\000P\000R\000O\000C}{subsection.4.4.2}% 29
\BOOKMARK [3][-]{subsubsection.4.4.2.2}{\376\377\0004\000.\0004\000.\0002\000.\0002\000\040\000S\000E\000G\000U\000N\000D\000O\000S}{subsection.4.4.2}% 30
\BOOKMARK [2][-]{subsection.4.4.3}{\376\377\0004\000.\0004\000.\0003\000\040\000D\000o\000c\000u\000m\000e\000n\000t\000a\000c\000i\000\363\000n\000\040\000d\000e\000\040\000l\000a\000s\000\040\000f\000u\000n\000c\000i\000o\000n\000e\000s}{section.4.4}% 31
\BOOKMARK [3][-]{subsubsection.4.4.3.1}{\376\377\0004\000.\0004\000.\0003\000.\0001\000\040\000m\000a\000i\000n\000\050\000\051}{subsection.4.4.3}% 32
\BOOKMARK [1][-]{section.4.5}{\376\377\0004\000.\0005\000\040\000R\000e\000f\000e\000r\000e\000n\000c\000i\000a\000\040\000d\000e\000l\000\040\000A\000r\000c\000h\000i\000v\000o\000\040\000e\000j\000e\000r\000c\000i\000c\000i\000o\0006\000b\000.\000c}{chapter.4}% 33
\BOOKMARK [2][-]{subsection.4.5.1}{\376\377\0004\000.\0005\000.\0001\000\040\000D\000e\000s\000c\000r\000i\000p\000c\000i\000\363\000n\000\040\000d\000e\000t\000a\000l\000l\000a\000d\000a}{section.4.5}% 34
\BOOKMARK [2][-]{subsection.4.5.2}{\376\377\0004\000.\0005\000.\0002\000\040\000D\000o\000c\000u\000m\000e\000n\000t\000a\000c\000i\000\363\000n\000\040\000d\000e\000\040\000l\000o\000s\000\040\000\047\000d\000e\000f\000i\000n\000e\000s\000\047}{section.4.5}% 35
\BOOKMARK [3][-]{subsubsection.4.5.2.1}{\376\377\0004\000.\0005\000.\0002\000.\0001\000\040\000N\000U\000M\000\137\000P\000R\000O\000C}{subsection.4.5.2}% 36
\BOOKMARK [3][-]{subsubsection.4.5.2.2}{\376\377\0004\000.\0005\000.\0002\000.\0002\000\040\000S\000E\000G\000U\000N\000D\000O\000S}{subsection.4.5.2}% 37
\BOOKMARK [2][-]{subsection.4.5.3}{\376\377\0004\000.\0005\000.\0003\000\040\000D\000o\000c\000u\000m\000e\000n\000t\000a\000c\000i\000\363\000n\000\040\000d\000e\000\040\000l\000a\000s\000\040\000f\000u\000n\000c\000i\000o\000n\000e\000s}{section.4.5}% 38
\BOOKMARK [3][-]{subsubsection.4.5.3.1}{\376\377\0004\000.\0005\000.\0003\000.\0001\000\040\000m\000a\000i\000n\000\050\000\051}{subsection.4.5.3}% 39
\BOOKMARK [3][-]{subsubsection.4.5.3.2}{\376\377\0004\000.\0005\000.\0003\000.\0002\000\040\000m\000a\000n\000e\000j\000a\000d\000o\000r\000\050\000\051}{subsection.4.5.3}% 40
\BOOKMARK [1][-]{section.4.6}{\376\377\0004\000.\0006\000\040\000R\000e\000f\000e\000r\000e\000n\000c\000i\000a\000\040\000d\000e\000l\000\040\000A\000r\000c\000h\000i\000v\000o\000\040\000e\000j\000e\000r\000c\000i\000c\000i\000o\0009\000.\000c}{chapter.4}% 41
\BOOKMARK [2][-]{subsection.4.6.1}{\376\377\0004\000.\0006\000.\0001\000\040\000D\000e\000s\000c\000r\000i\000p\000c\000i\000\363\000n\000\040\000d\000e\000t\000a\000l\000l\000a\000d\000a}{section.4.6}% 42
\BOOKMARK [2][-]{subsection.4.6.2}{\376\377\0004\000.\0006\000.\0002\000\040\000D\000o\000c\000u\000m\000e\000n\000t\000a\000c\000i\000\363\000n\000\040\000d\000e\000\040\000l\000o\000s\000\040\000\047\000d\000e\000f\000i\000n\000e\000s\000\047}{section.4.6}% 43
\BOOKMARK [3][-]{subsubsection.4.6.2.1}{\376\377\0004\000.\0006\000.\0002\000.\0001\000\040\000F\000I\000C\000H\000E\000R\000O\000\137\000S\000A\000L\000D\000O\000\137\000T\000O\000T\000A\000L}{subsection.4.6.2}% 44
\BOOKMARK [3][-]{subsubsection.4.6.2.2}{\376\377\0004\000.\0006\000.\0002\000.\0002\000\040\000K\000E\000Y}{subsection.4.6.2}% 45
\BOOKMARK [3][-]{subsubsection.4.6.2.3}{\376\377\0004\000.\0006\000.\0002\000.\0003\000\040\000N\000\137\000C\000A\000J\000A\000S}{subsection.4.6.2}% 46
\BOOKMARK [3][-]{subsubsection.4.6.2.4}{\376\377\0004\000.\0006\000.\0002\000.\0004\000\040\000N\000\137\000O\000P\000E\000R\000A\000C\000I\000O\000N\000E\000S}{subsection.4.6.2}% 47
\BOOKMARK [3][-]{subsubsection.4.6.2.5}{\376\377\0004\000.\0006\000.\0002\000.\0005\000\040\000T\000A\000M\000\137\000P\000A\000T\000H}{subsection.4.6.2}% 48
\BOOKMARK [3][-]{subsubsection.4.6.2.6}{\376\377\0004\000.\0006\000.\0002\000.\0006\000\040\000T\000A\000M\000A\000N\000I\000O\000\137\000A\000R\000G\000V\000\137\000H\000I\000J\000O\000S}{subsection.4.6.2}% 49
\BOOKMARK [2][-]{subsection.4.6.3}{\376\377\0004\000.\0006\000.\0003\000\040\000D\000o\000c\000u\000m\000e\000n\000t\000a\000c\000i\000\363\000n\000\040\000d\000e\000\040\000l\000a\000s\000\040\000f\000u\000n\000c\000i\000o\000n\000e\000s}{section.4.6}% 50
\BOOKMARK [3][-]{subsubsection.4.6.3.1}{\376\377\0004\000.\0006\000.\0003\000.\0001\000\040\000m\000a\000i\000n\000\050\000\051}{subsection.4.6.3}% 51
\BOOKMARK [3][-]{subsubsection.4.6.3.2}{\376\377\0004\000.\0006\000.\0003\000.\0002\000\040\000m\000a\000n\000e\000j\000a\000d\000o\000r\000\137\000u\000s\000r\0001\000\050\000\051}{subsection.4.6.3}% 52
\BOOKMARK [3][-]{subsubsection.4.6.3.3}{\376\377\0004\000.\0006\000.\0003\000.\0003\000\040\000m\000a\000n\000e\000j\000a\000d\000o\000r\000\137\000u\000s\000r\0002\000\050\000\051}{subsection.4.6.3}% 53
\BOOKMARK [2][-]{subsection.4.6.4}{\376\377\0004\000.\0006\000.\0004\000\040\000D\000o\000c\000u\000m\000e\000n\000t\000a\000c\000i\000\363\000n\000\040\000d\000e\000\040\000l\000a\000s\000\040\000v\000a\000r\000i\000a\000b\000l\000e\000s}{section.4.6}% 54
\BOOKMARK [3][-]{subsubsection.4.6.4.1}{\376\377\0004\000.\0006\000.\0004\000.\0001\000\040\000n\000u\000m\000\137\000p\000r\000o\000c\000e\000s\000o\000s\000\137\000t\000e\000r\000m\000i\000n\000a\000d\000o\000s}{subsection.4.6.4}% 55
\BOOKMARK [3][-]{subsubsection.4.6.4.2}{\376\377\0004\000.\0006\000.\0004\000.\0002\000\040\000o\000s\000e\000t}{subsection.4.6.4}% 56
\BOOKMARK [1][-]{section.4.7}{\376\377\0004\000.\0007\000\040\000R\000e\000f\000e\000r\000e\000n\000c\000i\000a\000\040\000d\000e\000l\000\040\000A\000r\000c\000h\000i\000v\000o\000\040\000e\000j\000e\000r\000c\000i\000c\000i\000o\0009\000h\000i\000j\000o\000s\000.\000c}{chapter.4}% 57
\BOOKMARK [2][-]{subsection.4.7.1}{\376\377\0004\000.\0007\000.\0001\000\040\000D\000e\000s\000c\000r\000i\000p\000c\000i\000\363\000n\000\040\000d\000e\000t\000a\000l\000l\000a\000d\000a}{section.4.7}% 58
\BOOKMARK [2][-]{subsection.4.7.2}{\376\377\0004\000.\0007\000.\0002\000\040\000D\000o\000c\000u\000m\000e\000n\000t\000a\000c\000i\000\363\000n\000\040\000d\000e\000\040\000l\000o\000s\000\040\000\047\000d\000e\000f\000i\000n\000e\000s\000\047}{section.4.7}% 59
\BOOKMARK [3][-]{subsubsection.4.7.2.1}{\376\377\0004\000.\0007\000.\0002\000.\0001\000\040\000K\000E\000Y}{subsection.4.7.2}% 60
\BOOKMARK [3][-]{subsubsection.4.7.2.2}{\376\377\0004\000.\0007\000.\0002\000.\0002\000\040\000M\000A\000X\000\137\000T\000A\000M}{subsection.4.7.2}% 61
\BOOKMARK [3][-]{subsubsection.4.7.2.3}{\376\377\0004\000.\0007\000.\0002\000.\0003\000\040\000N\000\137\000C\000A\000J\000A\000S}{subsection.4.7.2}% 62
\BOOKMARK [3][-]{subsubsection.4.7.2.4}{\376\377\0004\000.\0007\000.\0002\000.\0004\000\040\000S\000E\000G\000U\000N\000D\000O\000S}{subsection.4.7.2}% 63
\BOOKMARK [2][-]{subsection.4.7.3}{\376\377\0004\000.\0007\000.\0003\000\040\000D\000o\000c\000u\000m\000e\000n\000t\000a\000c\000i\000\363\000n\000\040\000d\000e\000\040\000l\000a\000s\000\040\000f\000u\000n\000c\000i\000o\000n\000e\000s}{section.4.7}% 64
\BOOKMARK [3][-]{subsubsection.4.7.3.1}{\376\377\0004\000.\0007\000.\0003\000.\0001\000\040\000m\000a\000i\000n\000\050\000\051}{subsection.4.7.3}% 65
\BOOKMARK [1][-]{section.4.8}{\376\377\0004\000.\0008\000\040\000R\000e\000f\000e\000r\000e\000n\000c\000i\000a\000\040\000d\000e\000l\000\040\000A\000r\000c\000h\000i\000v\000o\000\040\000s\000e\000m\000a\000f\000o\000r\000o\000s\000.\000h}{chapter.4}% 66
\BOOKMARK [2][-]{subsection.4.8.1}{\376\377\0004\000.\0008\000.\0001\000\040\000D\000e\000s\000c\000r\000i\000p\000c\000i\000\363\000n\000\040\000d\000e\000t\000a\000l\000l\000a\000d\000a}{section.4.8}% 67
\BOOKMARK [0][-]{section*.19}{\376\377\000\315\000n\000d\000i\000c\000e}{}% 68
