\BOOKMARK [0][-]{chapter.1}{\376\377\0001\000\040\000C\000l\000a\000s\000s\000\040\000I\000n\000d\000e\000x}{}% 1
\BOOKMARK [1][-]{section.1.1}{\376\377\0001\000.\0001\000\040\000C\000l\000a\000s\000s\000\040\000L\000i\000s\000t}{chapter.1}% 2
\BOOKMARK [0][-]{chapter.2}{\376\377\0002\000\040\000F\000i\000l\000e\000\040\000I\000n\000d\000e\000x}{}% 3
\BOOKMARK [1][-]{section.2.1}{\376\377\0002\000.\0001\000\040\000F\000i\000l\000e\000\040\000L\000i\000s\000t}{chapter.2}% 4
\BOOKMARK [0][-]{chapter.3}{\376\377\0003\000\040\000C\000l\000a\000s\000s\000\040\000D\000o\000c\000u\000m\000e\000n\000t\000a\000t\000i\000o\000n}{}% 5
\BOOKMARK [1][-]{section.3.1}{\376\377\0003\000.\0001\000\040\000D\000a\000t\000o\000s\000\137\000C\000o\000m\000p\000a\000r\000t\000i\000d\000o\000s\000\040\000S\000t\000r\000u\000c\000t\000\040\000R\000e\000f\000e\000r\000e\000n\000c\000e}{chapter.3}% 6
\BOOKMARK [2][-]{subsection.3.1.1}{\376\377\0003\000.\0001\000.\0001\000\040\000D\000e\000t\000a\000i\000l\000e\000d\000\040\000D\000e\000s\000c\000r\000i\000p\000t\000i\000o\000n}{section.3.1}% 7
\BOOKMARK [1][-]{section.3.2}{\376\377\0003\000.\0002\000\040\000i\000n\000f\000o\000\040\000S\000t\000r\000u\000c\000t\000\040\000R\000e\000f\000e\000r\000e\000n\000c\000e}{chapter.3}% 8
\BOOKMARK [2][-]{subsection.3.2.1}{\376\377\0003\000.\0002\000.\0001\000\040\000D\000e\000t\000a\000i\000l\000e\000d\000\040\000D\000e\000s\000c\000r\000i\000p\000t\000i\000o\000n}{section.3.2}% 9
\BOOKMARK [2][-]{subsection.3.2.2}{\376\377\0003\000.\0002\000.\0002\000\040\000M\000e\000m\000b\000e\000r\000\040\000D\000a\000t\000a\000\040\000D\000o\000c\000u\000m\000e\000n\000t\000a\000t\000i\000o\000n}{section.3.2}% 10
\BOOKMARK [3][-]{subsubsection.3.2.2.1}{\376\377\0003\000.\0002\000.\0002\000.\0001\000\040\000i\000d}{subsection.3.2.2}% 11
\BOOKMARK [3][-]{subsubsection.3.2.2.2}{\376\377\0003\000.\0002\000.\0002\000.\0002\000\040\000n\000o\000m\000b\000r\000e}{subsection.3.2.2}% 12
\BOOKMARK [1][-]{section.3.3}{\376\377\0003\000.\0003\000\040\000m\000s\000g\000b\000u\000f\000\040\000S\000t\000r\000u\000c\000t\000\040\000R\000e\000f\000e\000r\000e\000n\000c\000e}{chapter.3}% 13
\BOOKMARK [2][-]{subsection.3.3.1}{\376\377\0003\000.\0003\000.\0001\000\040\000D\000e\000t\000a\000i\000l\000e\000d\000\040\000D\000e\000s\000c\000r\000i\000p\000t\000i\000o\000n}{section.3.3}% 14
\BOOKMARK [2][-]{subsection.3.3.2}{\376\377\0003\000.\0003\000.\0002\000\040\000M\000e\000m\000b\000e\000r\000\040\000D\000a\000t\000a\000\040\000D\000o\000c\000u\000m\000e\000n\000t\000a\000t\000i\000o\000n}{section.3.3}% 15
\BOOKMARK [3][-]{subsubsection.3.3.2.1}{\376\377\0003\000.\0003\000.\0002\000.\0001\000\040\000m\000t\000e\000x\000t}{subsection.3.3.2}% 16
\BOOKMARK [3][-]{subsubsection.3.3.2.2}{\376\377\0003\000.\0003\000.\0002\000.\0002\000\040\000m\000t\000y\000p\000e}{subsection.3.3.2}% 17
\BOOKMARK [1][-]{section.3.4}{\376\377\0003\000.\0004\000\040\000s\000e\000m\000u\000n\000\040\000U\000n\000i\000o\000n\000\040\000R\000e\000f\000e\000r\000e\000n\000c\000e}{chapter.3}% 18
\BOOKMARK [0][-]{chapter.4}{\376\377\0004\000\040\000F\000i\000l\000e\000\040\000D\000o\000c\000u\000m\000e\000n\000t\000a\000t\000i\000o\000n}{}% 19
\BOOKMARK [1][-]{section.4.1}{\376\377\0004\000.\0001\000\040\000a\000l\000e\000a\000t\000\137\000n\000u\000m\000.\000c\000\040\000F\000i\000l\000e\000\040\000R\000e\000f\000e\000r\000e\000n\000c\000e}{chapter.4}% 20
\BOOKMARK [2][-]{subsection.4.1.1}{\376\377\0004\000.\0001\000.\0001\000\040\000D\000e\000t\000a\000i\000l\000e\000d\000\040\000D\000e\000s\000c\000r\000i\000p\000t\000i\000o\000n}{section.4.1}% 21
\BOOKMARK [2][-]{subsection.4.1.2}{\376\377\0004\000.\0001\000.\0002\000\040\000F\000u\000n\000c\000t\000i\000o\000n\000\040\000D\000o\000c\000u\000m\000e\000n\000t\000a\000t\000i\000o\000n}{section.4.1}% 22
\BOOKMARK [3][-]{subsubsection.4.1.2.1}{\376\377\0004\000.\0001\000.\0002\000.\0001\000\040\000a\000l\000e\000a\000t\000\137\000n\000u\000m\000\050\000\051}{subsection.4.1.2}% 23
\BOOKMARK [1][-]{section.4.2}{\376\377\0004\000.\0002\000\040\000a\000l\000e\000a\000t\000\137\000n\000u\000m\000.\000h\000\040\000F\000i\000l\000e\000\040\000R\000e\000f\000e\000r\000e\000n\000c\000e}{chapter.4}% 24
\BOOKMARK [2][-]{subsection.4.2.1}{\376\377\0004\000.\0002\000.\0001\000\040\000D\000e\000t\000a\000i\000l\000e\000d\000\040\000D\000e\000s\000c\000r\000i\000p\000t\000i\000o\000n}{section.4.2}% 25
\BOOKMARK [2][-]{subsection.4.2.2}{\376\377\0004\000.\0002\000.\0002\000\040\000F\000u\000n\000c\000t\000i\000o\000n\000\040\000D\000o\000c\000u\000m\000e\000n\000t\000a\000t\000i\000o\000n}{section.4.2}% 26
\BOOKMARK [3][-]{subsubsection.4.2.2.1}{\376\377\0004\000.\0002\000.\0002\000.\0001\000\040\000a\000l\000e\000a\000t\000\137\000n\000u\000m\000\050\000\051}{subsection.4.2.2}% 27
\BOOKMARK [1][-]{section.4.3}{\376\377\0004\000.\0003\000\040\000c\000a\000d\000e\000n\000a\000\137\000m\000o\000n\000t\000a\000j\000e\000.\000c\000\040\000F\000i\000l\000e\000\040\000R\000e\000f\000e\000r\000e\000n\000c\000e}{chapter.4}% 28
\BOOKMARK [2][-]{subsection.4.3.1}{\376\377\0004\000.\0003\000.\0001\000\040\000D\000e\000t\000a\000i\000l\000e\000d\000\040\000D\000e\000s\000c\000r\000i\000p\000t\000i\000o\000n}{section.4.3}% 29
\BOOKMARK [2][-]{subsection.4.3.2}{\376\377\0004\000.\0003\000.\0002\000\040\000M\000a\000c\000r\000o\000\040\000D\000e\000f\000i\000n\000i\000t\000i\000o\000n\000\040\000D\000o\000c\000u\000m\000e\000n\000t\000a\000t\000i\000o\000n}{section.4.3}% 30
\BOOKMARK [3][-]{subsubsection.4.3.2.1}{\376\377\0004\000.\0003\000.\0002\000.\0001\000\040\000E\000R\000R\000O\000R}{subsection.4.3.2}% 31
\BOOKMARK [3][-]{subsubsection.4.3.2.2}{\376\377\0004\000.\0003\000.\0002\000.\0002\000\040\000F\000I\000L\000E\000K\000E\000Y}{subsection.4.3.2}% 32
\BOOKMARK [3][-]{subsubsection.4.3.2.3}{\376\377\0004\000.\0003\000.\0002\000.\0003\000\040\000K\000E\000Y}{subsection.4.3.2}% 33
\BOOKMARK [3][-]{subsubsection.4.3.2.4}{\376\377\0004\000.\0003\000.\0002\000.\0004\000\040\000O\000K}{subsection.4.3.2}% 34
\BOOKMARK [3][-]{subsubsection.4.3.2.5}{\376\377\0004\000.\0003\000.\0002\000.\0005\000\040\000T\000A\000M\000A\000N\000O\000\137\000M\000E\000N\000S\000A\000J\000E}{subsection.4.3.2}% 35
\BOOKMARK [2][-]{subsection.4.3.3}{\376\377\0004\000.\0003\000.\0003\000\040\000E\000n\000u\000m\000e\000r\000a\000t\000i\000o\000n\000\040\000T\000y\000p\000e\000\040\000D\000o\000c\000u\000m\000e\000n\000t\000a\000t\000i\000o\000n}{section.4.3}% 36
\BOOKMARK [3][-]{subsubsection.4.3.3.1}{\376\377\0004\000.\0003\000.\0003\000.\0001\000\040\000T\000i\000p\000o\000\137\000M\000e\000n\000s\000a\000j\000e}{subsection.4.3.3}% 37
\BOOKMARK [2][-]{subsection.4.3.4}{\376\377\0004\000.\0003\000.\0004\000\040\000F\000u\000n\000c\000t\000i\000o\000n\000\040\000D\000o\000c\000u\000m\000e\000n\000t\000a\000t\000i\000o\000n}{section.4.3}% 38
\BOOKMARK [3][-]{subsubsection.4.3.4.1}{\376\377\0004\000.\0003\000.\0004\000.\0001\000\040\000i\000n\000i\000c\000i\000a\000l\000i\000z\000a\000\137\000f\000i\000c\000h\000e\000r\000o\000\137\000e\000n\000t\000r\000a\000d\000a\000\050\000\051}{subsection.4.3.4}% 39
\BOOKMARK [3][-]{subsubsection.4.3.4.2}{\376\377\0004\000.\0003\000.\0004\000.\0002\000\040\000m\000a\000i\000n\000\050\000\051}{subsection.4.3.4}% 40
\BOOKMARK [3][-]{subsubsection.4.3.4.3}{\376\377\0004\000.\0003\000.\0004\000.\0003\000\040\000m\000a\000n\000e\000j\000a\000d\000o\000r\000\050\000\051}{subsection.4.3.4}% 41
\BOOKMARK [3][-]{subsubsection.4.3.4.4}{\376\377\0004\000.\0003\000.\0004\000.\0004\000\040\000n\000u\000m\000e\000r\000o\000\137\000m\000e\000n\000s\000a\000j\000e\000s\000\137\000p\000e\000n\000d\000i\000e\000n\000t\000e\000s\000\050\000\051}{subsection.4.3.4}% 42
\BOOKMARK [3][-]{subsubsection.4.3.4.5}{\376\377\0004\000.\0003\000.\0004\000.\0005\000\040\000p\000r\000o\000c\000e\000s\000o\000\137\000A\000\050\000\051}{subsection.4.3.4}% 43
\BOOKMARK [3][-]{subsubsection.4.3.4.6}{\376\377\0004\000.\0003\000.\0004\000.\0006\000\040\000p\000r\000o\000c\000e\000s\000o\000\137\000B\000\050\000\051}{subsection.4.3.4}% 44
\BOOKMARK [3][-]{subsubsection.4.3.4.7}{\376\377\0004\000.\0003\000.\0004\000.\0007\000\040\000p\000r\000o\000c\000e\000s\000o\000\137\000C\000\050\000\051}{subsection.4.3.4}% 45
\BOOKMARK [2][-]{subsection.4.3.5}{\376\377\0004\000.\0003\000.\0005\000\040\000V\000a\000r\000i\000a\000b\000l\000e\000\040\000D\000o\000c\000u\000m\000e\000n\000t\000a\000t\000i\000o\000n}{section.4.3}% 46
\BOOKMARK [3][-]{subsubsection.4.3.5.1}{\376\377\0004\000.\0003\000.\0005\000.\0001\000\040\000p\000r\000o\000c\000e\000s\000o\000\137\0001\000\137\000t\000e\000r\000m\000i\000n\000a\000d\000o}{subsection.4.3.5}% 47
\BOOKMARK [1][-]{section.4.4}{\376\377\0004\000.\0004\000\040\000e\000j\000e\000r\000c\000i\000c\000i\000o\0002\000.\000c\000\040\000F\000i\000l\000e\000\040\000R\000e\000f\000e\000r\000e\000n\000c\000e}{chapter.4}% 48
\BOOKMARK [2][-]{subsection.4.4.1}{\376\377\0004\000.\0004\000.\0001\000\040\000D\000e\000t\000a\000i\000l\000e\000d\000\040\000D\000e\000s\000c\000r\000i\000p\000t\000i\000o\000n}{section.4.4}% 49
\BOOKMARK [2][-]{subsection.4.4.2}{\376\377\0004\000.\0004\000.\0002\000\040\000M\000a\000c\000r\000o\000\040\000D\000e\000f\000i\000n\000i\000t\000i\000o\000n\000\040\000D\000o\000c\000u\000m\000e\000n\000t\000a\000t\000i\000o\000n}{section.4.4}% 50
\BOOKMARK [3][-]{subsubsection.4.4.2.1}{\376\377\0004\000.\0004\000.\0002\000.\0001\000\040\000F\000I\000L\000E\000K\000E\000Y}{subsection.4.4.2}% 51
\BOOKMARK [3][-]{subsubsection.4.4.2.2}{\376\377\0004\000.\0004\000.\0002\000.\0002\000\040\000K\000E\000Y}{subsection.4.4.2}% 52
\BOOKMARK [3][-]{subsubsection.4.4.2.3}{\376\377\0004\000.\0004\000.\0002\000.\0003\000\040\000M\000A\000X\000\137\000W\000A\000I\000T}{subsection.4.4.2}% 53
\BOOKMARK [3][-]{subsubsection.4.4.2.4}{\376\377\0004\000.\0004\000.\0002\000.\0004\000\040\000M\000I\000N\000\137\000W\000A\000I\000T}{subsection.4.4.2}% 54
\BOOKMARK [3][-]{subsubsection.4.4.2.5}{\376\377\0004\000.\0004\000.\0002\000.\0005\000\040\000T\000A\000M\000A\000N\000I\000O\000\137\000N\000O\000M\000B\000R\000E}{subsection.4.4.2}% 55
\BOOKMARK [2][-]{subsection.4.4.3}{\376\377\0004\000.\0004\000.\0003\000\040\000F\000u\000n\000c\000t\000i\000o\000n\000\040\000D\000o\000c\000u\000m\000e\000n\000t\000a\000t\000i\000o\000n}{section.4.4}% 56
\BOOKMARK [3][-]{subsubsection.4.4.3.1}{\376\377\0004\000.\0004\000.\0003\000.\0001\000\040\000e\000j\000e\000c\000u\000c\000i\000o\000n\000H\000i\000j\000o\000\050\000\051}{subsection.4.4.3}% 57
\BOOKMARK [3][-]{subsubsection.4.4.3.2}{\376\377\0004\000.\0004\000.\0003\000.\0002\000\040\000m\000a\000i\000n\000\050\000\051}{subsection.4.4.3}% 58
\BOOKMARK [3][-]{subsubsection.4.4.3.3}{\376\377\0004\000.\0004\000.\0003\000.\0003\000\040\000m\000a\000n\000e\000j\000a\000d\000o\000r\000\050\000\051}{subsection.4.4.3}% 59
\BOOKMARK [3][-]{subsubsection.4.4.3.4}{\376\377\0004\000.\0004\000.\0003\000.\0004\000\040\000r\000e\000s\000e\000r\000v\000a\000s\000h\000m\000\050\000\051}{subsection.4.4.3}% 60
\BOOKMARK [1][-]{section.4.5}{\376\377\0004\000.\0005\000\040\000e\000j\000e\000r\000c\000i\000c\000i\000o\0002\000\137\000s\000o\000l\000v\000e\000d\000.\000c\000\040\000F\000i\000l\000e\000\040\000R\000e\000f\000e\000r\000e\000n\000c\000e}{chapter.4}% 61
\BOOKMARK [2][-]{subsection.4.5.1}{\376\377\0004\000.\0005\000.\0001\000\040\000D\000e\000t\000a\000i\000l\000e\000d\000\040\000D\000e\000s\000c\000r\000i\000p\000t\000i\000o\000n}{section.4.5}% 62
\BOOKMARK [2][-]{subsection.4.5.2}{\376\377\0004\000.\0005\000.\0002\000\040\000M\000a\000c\000r\000o\000\040\000D\000e\000f\000i\000n\000i\000t\000i\000o\000n\000\040\000D\000o\000c\000u\000m\000e\000n\000t\000a\000t\000i\000o\000n}{section.4.5}% 63
\BOOKMARK [3][-]{subsubsection.4.5.2.1}{\376\377\0004\000.\0005\000.\0002\000.\0001\000\040\000F\000I\000L\000E\000K\000E\000Y}{subsection.4.5.2}% 64
\BOOKMARK [3][-]{subsubsection.4.5.2.2}{\376\377\0004\000.\0005\000.\0002\000.\0002\000\040\000K\000E\000Y}{subsection.4.5.2}% 65
\BOOKMARK [3][-]{subsubsection.4.5.2.3}{\376\377\0004\000.\0005\000.\0002\000.\0003\000\040\000M\000A\000X\000\137\000W\000A\000I\000T}{subsection.4.5.2}% 66
\BOOKMARK [3][-]{subsubsection.4.5.2.4}{\376\377\0004\000.\0005\000.\0002\000.\0004\000\040\000M\000I\000N\000\137\000W\000A\000I\000T}{subsection.4.5.2}% 67
\BOOKMARK [3][-]{subsubsection.4.5.2.5}{\376\377\0004\000.\0005\000.\0002\000.\0005\000\040\000S\000E\000M\000A\000F\000O\000R\000O\000\137\000E\000N\000T\000R\000A\000D\000A}{subsection.4.5.2}% 68
\BOOKMARK [3][-]{subsubsection.4.5.2.6}{\376\377\0004\000.\0005\000.\0002\000.\0006\000\040\000S\000E\000M\000A\000F\000O\000R\000O\000\137\000S\000H\000M}{subsection.4.5.2}% 69
\BOOKMARK [3][-]{subsubsection.4.5.2.7}{\376\377\0004\000.\0005\000.\0002\000.\0007\000\040\000T\000A\000M\000A\000N\000I\000O\000\137\000N\000O\000M\000B\000R\000E}{subsection.4.5.2}% 70
\BOOKMARK [2][-]{subsection.4.5.3}{\376\377\0004\000.\0005\000.\0003\000\040\000F\000u\000n\000c\000t\000i\000o\000n\000\040\000D\000o\000c\000u\000m\000e\000n\000t\000a\000t\000i\000o\000n}{section.4.5}% 71
\BOOKMARK [3][-]{subsubsection.4.5.3.1}{\376\377\0004\000.\0005\000.\0003\000.\0001\000\040\000e\000j\000e\000c\000u\000c\000i\000o\000n\000H\000i\000j\000o\000\050\000\051}{subsection.4.5.3}% 72
\BOOKMARK [3][-]{subsubsection.4.5.3.2}{\376\377\0004\000.\0005\000.\0003\000.\0002\000\040\000m\000a\000i\000n\000\050\000\051}{subsection.4.5.3}% 73
\BOOKMARK [3][-]{subsubsection.4.5.3.3}{\376\377\0004\000.\0005\000.\0003\000.\0003\000\040\000m\000a\000n\000e\000j\000a\000d\000o\000r\000\050\000\051}{subsection.4.5.3}% 74
\BOOKMARK [3][-]{subsubsection.4.5.3.4}{\376\377\0004\000.\0005\000.\0003\000.\0004\000\040\000r\000e\000s\000e\000r\000v\000a\000s\000h\000m\000\050\000\051}{subsection.4.5.3}% 75
\BOOKMARK [1][-]{section.4.6}{\376\377\0004\000.\0006\000\040\000e\000j\000e\000r\000c\000i\000c\000i\000o\0003\000.\000c\000\040\000F\000i\000l\000e\000\040\000R\000e\000f\000e\000r\000e\000n\000c\000e}{chapter.4}% 76
\BOOKMARK [2][-]{subsection.4.6.1}{\376\377\0004\000.\0006\000.\0001\000\040\000D\000e\000t\000a\000i\000l\000e\000d\000\040\000D\000e\000s\000c\000r\000i\000p\000t\000i\000o\000n}{section.4.6}% 77
\BOOKMARK [2][-]{subsection.4.6.2}{\376\377\0004\000.\0006\000.\0002\000\040\000M\000a\000c\000r\000o\000\040\000D\000e\000f\000i\000n\000i\000t\000i\000o\000n\000\040\000D\000o\000c\000u\000m\000e\000n\000t\000a\000t\000i\000o\000n}{section.4.6}% 78
\BOOKMARK [3][-]{subsubsection.4.6.2.1}{\376\377\0004\000.\0006\000.\0002\000.\0001\000\040\000E\000S\000P\000E\000R\000A\000\137\000I\000N\000I\000C\000I\000A\000L\000\137\000C\000O\000N\000S\000U\000M\000I\000D\000O\000R}{subsection.4.6.2}% 79
\BOOKMARK [3][-]{subsubsection.4.6.2.2}{\376\377\0004\000.\0006\000.\0002\000.\0002\000\040\000E\000S\000P\000E\000R\000A\000\137\000I\000N\000I\000C\000I\000A\000L\000\137\000P\000R\000O\000D\000U\000C\000T\000O\000R}{subsection.4.6.2}% 80
\BOOKMARK [3][-]{subsubsection.4.6.2.3}{\376\377\0004\000.\0006\000.\0002\000.\0003\000\040\000F\000I\000L\000E\000K\000E\000Y}{subsection.4.6.2}% 81
\BOOKMARK [3][-]{subsubsection.4.6.2.4}{\376\377\0004\000.\0006\000.\0002\000.\0004\000\040\000K\000E\000Y}{subsection.4.6.2}% 82
\BOOKMARK [3][-]{subsubsection.4.6.2.5}{\376\377\0004\000.\0006\000.\0002\000.\0005\000\040\000M\000A\000X\000\137\000S\000L\000E\000E\000P\000\137\000C\000O\000N\000S\000U\000M\000I\000D\000O\000R}{subsection.4.6.2}% 83
\BOOKMARK [3][-]{subsubsection.4.6.2.6}{\376\377\0004\000.\0006\000.\0002\000.\0006\000\040\000M\000A\000X\000\137\000S\000L\000E\000E\000P\000\137\000P\000R\000O\000D\000U\000C\000T\000O\000R}{subsection.4.6.2}% 84
\BOOKMARK [3][-]{subsubsection.4.6.2.7}{\376\377\0004\000.\0006\000.\0002\000.\0007\000\040\000M\000I\000N\000\137\000S\000L\000E\000E\000P\000\137\000C\000O\000N\000S\000U\000M\000I\000D\000O\000R}{subsection.4.6.2}% 85
\BOOKMARK [3][-]{subsubsection.4.6.2.8}{\376\377\0004\000.\0006\000.\0002\000.\0008\000\040\000M\000I\000N\000\137\000S\000L\000E\000E\000P\000\137\000P\000R\000O\000D\000U\000C\000T\000O\000R}{subsection.4.6.2}% 86
\BOOKMARK [3][-]{subsubsection.4.6.2.9}{\376\377\0004\000.\0006\000.\0002\000.\0009\000\040\000N}{subsection.4.6.2}% 87
\BOOKMARK [3][-]{subsubsection.4.6.2.10}{\376\377\0004\000.\0006\000.\0002\000.\0001\0000\000\040\000N\000U\000M\000E\000R\000O\000\137\000S\000E\000M\000A\000F\000O\000R\000O\000S}{subsection.4.6.2}% 88
\BOOKMARK [2][-]{subsection.4.6.3}{\376\377\0004\000.\0006\000.\0003\000\040\000F\000u\000n\000c\000t\000i\000o\000n\000\040\000D\000o\000c\000u\000m\000e\000n\000t\000a\000t\000i\000o\000n}{section.4.6}% 89
\BOOKMARK [3][-]{subsubsection.4.6.3.1}{\376\377\0004\000.\0006\000.\0003\000.\0001\000\040\000c\000o\000n\000s\000u\000m\000i\000d\000o\000r\000\050\000\051}{subsection.4.6.3}% 90
\BOOKMARK [3][-]{subsubsection.4.6.3.2}{\376\377\0004\000.\0006\000.\0003\000.\0002\000\040\000m\000a\000i\000n\000\050\000\051}{subsection.4.6.3}% 91
\BOOKMARK [3][-]{subsubsection.4.6.3.3}{\376\377\0004\000.\0006\000.\0003\000.\0003\000\040\000p\000r\000o\000d\000u\000c\000t\000o\000r\000\050\000\051}{subsection.4.6.3}% 92
\BOOKMARK [3][-]{subsubsection.4.6.3.4}{\376\377\0004\000.\0006\000.\0003\000.\0004\000\040\000r\000e\000s\000e\000r\000v\000a\000s\000h\000m\000\050\000\051}{subsection.4.6.3}% 93
\BOOKMARK [1][-]{section.4.7}{\376\377\0004\000.\0007\000\040\000e\000j\000e\000r\000c\000i\000c\000i\000o\0004\000.\000c\000\040\000F\000i\000l\000e\000\040\000R\000e\000f\000e\000r\000e\000n\000c\000e}{chapter.4}% 94
\BOOKMARK [2][-]{subsection.4.7.1}{\376\377\0004\000.\0007\000.\0001\000\040\000D\000e\000t\000a\000i\000l\000e\000d\000\040\000D\000e\000s\000c\000r\000i\000p\000t\000i\000o\000n}{section.4.7}% 95
\BOOKMARK [2][-]{subsection.4.7.2}{\376\377\0004\000.\0007\000.\0002\000\040\000M\000a\000c\000r\000o\000\040\000D\000e\000f\000i\000n\000i\000t\000i\000o\000n\000\040\000D\000o\000c\000u\000m\000e\000n\000t\000a\000t\000i\000o\000n}{section.4.7}% 96
\BOOKMARK [3][-]{subsubsection.4.7.2.1}{\376\377\0004\000.\0007\000.\0002\000.\0001\000\040\000F\000I\000L\000E\000N\000A\000M\000E}{subsection.4.7.2}% 97
\BOOKMARK [2][-]{subsection.4.7.3}{\376\377\0004\000.\0007\000.\0003\000\040\000F\000u\000n\000c\000t\000i\000o\000n\000\040\000D\000o\000c\000u\000m\000e\000n\000t\000a\000t\000i\000o\000n}{section.4.7}% 98
\BOOKMARK [3][-]{subsubsection.4.7.3.1}{\376\377\0004\000.\0007\000.\0003\000.\0001\000\040\000m\000a\000i\000n\000\050\000\051}{subsection.4.7.3}% 99
\BOOKMARK [3][-]{subsubsection.4.7.3.2}{\376\377\0004\000.\0007\000.\0003\000.\0002\000\040\000p\000r\000i\000m\000e\000r\000\137\000h\000i\000l\000o\000\050\000\051}{subsection.4.7.3}% 100
\BOOKMARK [3][-]{subsubsection.4.7.3.3}{\376\377\0004\000.\0007\000.\0003\000.\0003\000\040\000s\000e\000g\000u\000n\000d\000o\000\137\000h\000i\000l\000o\000\050\000\051}{subsection.4.7.3}% 101
\BOOKMARK [0][-]{section*.28}{\376\377\000I\000n\000d\000e\000x}{}% 102
